Using pre-set license
Built from '2021.3/staging' branch; Version is '2021.3.5f1 (40eb3a945986) revision 4254522'; Using compiler version '192829333'; Build Type 'Release'
OS: 'Windows 8.1  (6.3.0) 64bit CoreSingleLanguage' Language: 'ru' Physical Memory: 3960 MB
BatchMode: 1, IsHumanControllingUs: 0, StartBugReporterOnCrash: 0, Is64bit: 1, IsPro: 1

COMMAND LINE ARGUMENTS:
C:\Program Files\Unity\Hub\Editor\2021.3.5f1\Editor\Unity.exe
-adb2
-batchMode
-noUpm
-name
AssetImportWorker5
-projectPath
C:/Users/admin/Desktop/Новая папка/LittleKitten
-logFile
Logs/AssetImportWorker5.log
-srvPort
52782
Successfully changed project path to: C:/Users/admin/Desktop/Новая папка/LittleKitten
C:/Users/admin/Desktop/Новая папка/LittleKitten
[UnityMemory] Configuration Parameters - Can be set up in boot.config
    "memorysetup-bucket-allocator-granularity=16"
    "memorysetup-bucket-allocator-bucket-count=8"
    "memorysetup-bucket-allocator-block-size=33554432"
    "memorysetup-bucket-allocator-block-count=8"
    "memorysetup-main-allocator-block-size=16777216"
    "memorysetup-thread-allocator-block-size=16777216"
    "memorysetup-gfx-main-allocator-block-size=16777216"
    "memorysetup-gfx-thread-allocator-block-size=16777216"
    "memorysetup-cache-allocator-block-size=4194304"
    "memorysetup-typetree-allocator-block-size=2097152"
    "memorysetup-profiler-bucket-allocator-granularity=16"
    "memorysetup-profiler-bucket-allocator-bucket-count=8"
    "memorysetup-profiler-bucket-allocator-block-size=33554432"
    "memorysetup-profiler-bucket-allocator-block-count=8"
    "memorysetup-profiler-allocator-block-size=16777216"
    "memorysetup-profiler-editor-allocator-block-size=1048576"
    "memorysetup-temp-allocator-size-main=16777216"
    "memorysetup-job-temp-allocator-block-size=2097152"
    "memorysetup-job-temp-allocator-block-size-background=1048576"
    "memorysetup-job-temp-allocator-reduction-small-platforms=262144"
    "memorysetup-temp-allocator-size-background-worker=32768"
    "memorysetup-temp-allocator-size-job-worker=262144"
    "memorysetup-temp-allocator-size-preload-manager=33554432"
    "memorysetup-temp-allocator-size-nav-mesh-worker=65536"
    "memorysetup-temp-allocator-size-audio-worker=65536"
    "memorysetup-temp-allocator-size-cloud-worker=32768"
    "memorysetup-temp-allocator-size-gi-baking-worker=262144"
    "memorysetup-temp-allocator-size-gfx=262144"
Refreshing native plugins compatible for Editor in 248.75 ms, found 4 plugins.
Preloading 0 native plugins for Editor in 0.00 ms.
Initialize engine version: 2021.3.5f1 (40eb3a945986)
[Subsystems] Discovering subsystems at path C:/Program Files/Unity/Hub/Editor/2021.3.5f1/Editor/Data/Resources/UnitySubsystems
[Subsystems] Discovering subsystems at path C:/Users/admin/Desktop/Новая папка/LittleKitten/Assets
GfxDevice: creating device client; threaded=0; jobified=0
d3d11: QueryInterface(IDXGIFactory5) failed (80004002).
Direct3D:
    Version:  Direct3D 11.0 [level 11.0]
    Renderer: Intel(R) HD Graphics 4000 (ID=0x166)
    Vendor:   Intel
    VRAM:     1760 MB
    Driver:   10.18.10.4276
Initialize mono
Mono path[0] = 'C:/Program Files/Unity/Hub/Editor/2021.3.5f1/Editor/Data/Managed'
Mono path[1] = 'C:/Program Files/Unity/Hub/Editor/2021.3.5f1/Editor/Data/MonoBleedingEdge/lib/mono/unityjit-win32'
Mono config path = 'C:/Program Files/Unity/Hub/Editor/2021.3.5f1/Editor/Data/MonoBleedingEdge/etc'
Using monoOptions --debugger-agent=transport=dt_socket,embedding=1,server=y,suspend=n,address=127.0.0.1:56512
Begin MonoManager ReloadAssembly
Registering precompiled unity dll's ...
Register platform support module: C:/Program Files/Unity/Hub/Editor/2021.3.5f1/Editor/Data/PlaybackEngines/AndroidPlayer/UnityEditor.Android.Extensions.dll
Register platform support module: C:/Program Files/Unity/Hub/Editor/2021.3.5f1/Editor/Data/PlaybackEngines/WindowsStandaloneSupport/UnityEditor.WindowsStandalone.Extensions.dll
Registered in 0.011480 seconds.
Native extension for WindowsStandalone target not found
Native extension for Android target not found
Refreshing native plugins compatible for Editor in 253.47 ms, found 4 plugins.
Preloading 0 native plugins for Editor in 0.00 ms.
Mono: successfully reloaded assembly
- Completed reload, in  1.756 seconds
Domain Reload Profiling:
	ReloadAssembly (1757ms)
		BeginReloadAssembly (166ms)
			ExecutionOrderSort (0ms)
			DisableScriptedObjects (0ms)
			BackupInstance (0ms)
			ReleaseScriptingObjects (0ms)
			CreateAndSetChildDomain (2ms)
		EndReloadAssembly (1325ms)
			LoadAssemblies (162ms)
			RebuildTransferFunctionScriptingTraits (0ms)
			SetupTypeCache (253ms)
			ReleaseScriptCaches (0ms)
			RebuildScriptCaches (84ms)
			SetupLoadedEditorAssemblies (844ms)
				LogAssemblyErrors (0ms)
				InitializePlatformSupportModulesInManaged (139ms)
				SetLoadedEditorAssemblies (0ms)
				RefreshPlugins (254ms)
				BeforeProcessingInitializeOnLoad (4ms)
				ProcessInitializeOnLoadAttributes (267ms)
				ProcessInitializeOnLoadMethodAttributes (180ms)
				AfterProcessingInitializeOnLoad (0ms)
				EditorAssembliesLoaded (1ms)
			ExecutionOrderSort2 (0ms)
			AwakeInstancesAfterBackupRestoration (0ms)
Platform modules already initialized, skipping
Registering precompiled user dll's ...
Registered in 0.027084 seconds.
Begin MonoManager ReloadAssembly
Symbol file LoadedFromMemory doesn't match image C:\Users\admin\Desktop\Новая папка\LittleKitten\Library\PackageCache\com.unity.visualscripting@1.7.8\Editor\VisualScripting.Core\Dependencies\YamlDotNet\Unity.VisualScripting.YamlDotNet.dll
Symbol file LoadedFromMemory doesn't match image C:\Users\admin\Desktop\Новая папка\LittleKitten\Library\PackageCache\com.unity.visualscripting@1.7.8\Editor\VisualScripting.Core\Dependencies\DotNetZip\Unity.VisualScripting.IonicZip.dll
Native extension for WindowsStandalone target not found
Native extension for Android target not found
Refreshing native plugins compatible for Editor in 247.08 ms, found 4 plugins.
Preloading 0 native plugins for Editor in 0.00 ms.
Mono: successfully reloaded assembly
- Completed reload, in 10.049 seconds
Domain Reload Profiling:
	ReloadAssembly (10051ms)
		BeginReloadAssembly (365ms)
			ExecutionOrderSort (0ms)
			DisableScriptedObjects (16ms)
			BackupInstance (0ms)
			ReleaseScriptingObjects (0ms)
			CreateAndSetChildDomain (143ms)
		EndReloadAssembly (9404ms)
			LoadAssemblies (3815ms)
			RebuildTransferFunctionScriptingTraits (0ms)
			SetupTypeCache (738ms)
			ReleaseScriptCaches (2ms)
			RebuildScriptCaches (170ms)
			SetupLoadedEditorAssemblies (4548ms)
				LogAssemblyErrors (0ms)
				InitializePlatformSupportModulesInManaged (29ms)
				SetLoadedEditorAssemblies (0ms)
				RefreshPlugins (247ms)
				BeforeProcessingInitializeOnLoad (248ms)
				ProcessInitializeOnLoadAttributes (1738ms)
				ProcessInitializeOnLoadMethodAttributes (2272ms)
				AfterProcessingInitializeOnLoad (13ms)
				EditorAssembliesLoaded (0ms)
			ExecutionOrderSort2 (0ms)
			AwakeInstancesAfterBackupRestoration (12ms)
Platform modules already initialized, skipping
========================================================================
Worker process is ready to serve import requests
Launched and connected shader compiler UnityShaderCompiler.exe after 0.22 seconds
Refreshing native plugins compatible for Editor in 1.35 ms, found 4 plugins.
Preloading 0 native plugins for Editor in 0.00 ms.
Unloading 4233 Unused Serialized files (Serialized files now loaded: 0)
Unloading 52 unused Assets / (128.5 KB). Loaded Objects now: 4689.
Memory consumption went from 157.3 MB to 157.2 MB.
Total: 8.052110 ms (FindLiveObjects: 0.624919 ms CreateObjectMapping: 0.371188 ms MarkObjects: 6.866132 ms  DeleteObjects: 0.187020 ms)

AssetImportParameters requested are different than current active one (requested -> active):
  custom:video-decoder-ogg-theora: a1e56fd34408186e4bbccfd4996cb3dc -> 
  custom:container-muxer-webm: aa71ff27fc2769a1b78a27578f13a17b -> 
  custom:container-demuxer-webm: 4f35f7cbe854078d1ac9338744f61a02 -> 
  custom:video-encoder-webm-vp8: eb34c28f22e8b96e1ab97ce403110664 -> 
  custom:audio-encoder-webm-vorbis: bf7c407c2cedff20999df2af8eb42d56 -> 
  custom:framework-win-MediaFoundation: 216162199b28c13a410421893ffa2e32 -> 
  custom:container-demuxer-ogg: 62fdf1f143b41e24485cea50d1cbac27 -> 
  custom:video-decoder-webm-vp8: 9c59270c3fd7afecdb556c50c9e8de78 -> 
  custom:audio-decoder-ogg-vorbis: bf7c407c2cedff20999df2af8eb42d56 -> 
========================================================================
Received Import Request.
  Time since last request: 141024.438322 seconds.
  path: Assets/Sprites/cat.png
  artifactKey: Guid(172d7c970d075914e8887db3e13b0484) Importer(815301076,1909f56bfc062723c751e8b465ee728b)
Start importing Assets/Sprites/cat.png using Guid(172d7c970d075914e8887db3e13b0484) Importer(815301076,1909f56bfc062723c751e8b465ee728b)  -> (artifact id: '7f0f81389e04938e2817ff144b180a4a') in 2.035156 seconds 
========================================================================
Received Import Request.
  Time since last request: 14.859285 seconds.
  path: Assets/Prefabs
  artifactKey: Guid(1e8c6de6de18f58469668a66389b8013) Importer(815301076,1909f56bfc062723c751e8b465ee728b)
Start importing Assets/Prefabs using Guid(1e8c6de6de18f58469668a66389b8013) Importer(815301076,1909f56bfc062723c751e8b465ee728b)  -> (artifact id: 'a4ed4ab2fb347a46353068e6c7869fea') in 0.022921 seconds 
========================================================================
Received Import Request.
  Time since last request: 10.823463 seconds.
  path: Assets/Prefabs/Player
  artifactKey: Guid(305ff70543097ee4784e536be69438a5) Importer(815301076,1909f56bfc062723c751e8b465ee728b)
Start importing Assets/Prefabs/Player using Guid(305ff70543097ee4784e536be69438a5) Importer(815301076,1909f56bfc062723c751e8b465ee728b)  -> (artifact id: 'ebdeefe1e179ed75db465dce715ae852') in 0.015840 seconds 
========================================================================
Received Import Request.
  Time since last request: 28.314342 seconds.
  path: Assets/Prefabs/Player/Cat.prefab
  artifactKey: Guid(d34f11f7fb72812468864d68465cb46d) Importer(815301076,1909f56bfc062723c751e8b465ee728b)
Start importing Assets/Prefabs/Player/Cat.prefab using Guid(d34f11f7fb72812468864d68465cb46d) Importer(815301076,1909f56bfc062723c751e8b465ee728b) Tried select unknown importer for id '-2' '00000000000000000000000000000000'
 -> (artifact id: '538497b91bc5519deb2b757a6cf59450') in 0.720747 seconds 
========================================================================
Received Import Request.
  Time since last request: 27.458604 seconds.
  path: Assets/Sprites
  artifactKey: Guid(fc7645723f347fa41bb6640538b11041) Importer(815301076,1909f56bfc062723c751e8b465ee728b)
Start importing Assets/Sprites using Guid(fc7645723f347fa41bb6640538b11041) Importer(815301076,1909f56bfc062723c751e8b465ee728b)  -> (artifact id: '66ff0f76ead38be949f521c7903f196c') in 0.052071 seconds 
========================================================================
Received Import Request.
  Time since last request: 218.735089 seconds.
  path: Assets/Sprites/cat_172x186/cat 172x186/base/cat_walk_1.png
  artifactKey: Guid(fefbaeeb20c600f4599f6bb5613fc112) Importer(815301076,1909f56bfc062723c751e8b465ee728b)
Start importing Assets/Sprites/cat_172x186/cat 172x186/base/cat_walk_1.png using Guid(fefbaeeb20c600f4599f6bb5613fc112) Importer(815301076,1909f56bfc062723c751e8b465ee728b)  -> (artifact id: '792360bf3b7bcdab9add0d0b443ea3ed') in 0.346962 seconds 
========================================================================
Received Import Request.
  Time since last request: 31.280703 seconds.
  path: Assets/Sprites/cat_172x186/cat 172x186/base/cat_walk_2.png
  artifactKey: Guid(65d43e682629d2840a73a212bcc68c15) Importer(815301076,1909f56bfc062723c751e8b465ee728b)
Start importing Assets/Sprites/cat_172x186/cat 172x186/base/cat_walk_2.png using Guid(65d43e682629d2840a73a212bcc68c15) Importer(815301076,1909f56bfc062723c751e8b465ee728b)  -> (artifact id: 'e29c8f67178c8df8498473dc95f0c2f9') in 0.197571 seconds 
========================================================================
Received Import Request.
  Time since last request: 88.427412 seconds.
  path: Assets/Sprites/cat_172x186/cat 172x186/base/cat_sit.png
  artifactKey: Guid(95b8bf94759b3ec45a766cd2fff0bd7b) Importer(815301076,1909f56bfc062723c751e8b465ee728b)
Start importing Assets/Sprites/cat_172x186/cat 172x186/base/cat_sit.png using Guid(95b8bf94759b3ec45a766cd2fff0bd7b) Importer(815301076,1909f56bfc062723c751e8b465ee728b)  -> (artifact id: '1828dab9f9f67855caccbbd3bb814344') in 0.181111 seconds 
========================================================================
Received Import Request.
  Time since last request: 0.000070 seconds.
  path: Assets/Sprites/cat_172x186/cat 172x186/base/cat_front.png
  artifactKey: Guid(2a4c725df1b718041bd70f7cdae2f955) Importer(815301076,1909f56bfc062723c751e8b465ee728b)
Start importing Assets/Sprites/cat_172x186/cat 172x186/base/cat_front.png using Guid(2a4c725df1b718041bd70f7cdae2f955) Importer(815301076,1909f56bfc062723c751e8b465ee728b)  -> (artifact id: 'f14436b857f4e98b00f484ceb9778e3c') in 0.085198 seconds 
========================================================================
Received Import Request.
  Time since last request: 147.103229 seconds.
  path: Assets/Sprites/cat_172x186/cat 172x186/base/cat_swim_1.png
  artifactKey: Guid(ed258620050cf00409685058b9a32766) Importer(815301076,1909f56bfc062723c751e8b465ee728b)
Start importing Assets/Sprites/cat_172x186/cat 172x186/base/cat_swim_1.png using Guid(ed258620050cf00409685058b9a32766) Importer(815301076,1909f56bfc062723c751e8b465ee728b)  -> (artifact id: '861d42ffb70bc3d4a99073501e3c4596') in 0.140285 seconds 
========================================================================
Received Import Request.
  Time since last request: 0.000062 seconds.
  path: Assets/Sprites/cat_172x186/cat 172x186/base/cat_swim_2.png
  artifactKey: Guid(1c4c0915a83a57e4b90cc98a8dc72dce) Importer(815301076,1909f56bfc062723c751e8b465ee728b)
Start importing Assets/Sprites/cat_172x186/cat 172x186/base/cat_swim_2.png using Guid(1c4c0915a83a57e4b90cc98a8dc72dce) Importer(815301076,1909f56bfc062723c751e8b465ee728b)  -> (artifact id: '02c6a9035c3d6ce453c8efdada2d8367') in 0.113091 seconds 
========================================================================
Received Import Request.
  Time since last request: 180.947841 seconds.
  path: Assets/Sprites/cat_172x186/cat 172x186/base/cat_duck.png
  artifactKey: Guid(790c7b4090340894989f3ed09cd1dcc5) Importer(815301076,1909f56bfc062723c751e8b465ee728b)
Start importing Assets/Sprites/cat_172x186/cat 172x186/base/cat_duck.png using Guid(790c7b4090340894989f3ed09cd1dcc5) Importer(815301076,1909f56bfc062723c751e8b465ee728b)  -> (artifact id: '965561d21aed574240e7dbdb167ff87f') in 0.486082 seconds 
========================================================================
Received Import Request.
  Time since last request: 69.404754 seconds.
  path: Assets/Sprites/cat_172x186/cat 172x186/base/cat_climb_1.png
  artifactKey: Guid(a19563b858de4e0459202c9267af4197) Importer(815301076,1909f56bfc062723c751e8b465ee728b)
Start importing Assets/Sprites/cat_172x186/cat 172x186/base/cat_climb_1.png using Guid(a19563b858de4e0459202c9267af4197) Importer(815301076,1909f56bfc062723c751e8b465ee728b)  -> (artifact id: '75e7ca2ccf68f38a48374453dd11371c') in 0.149891 seconds 
========================================================================
Received Import Request.
  Time since last request: 0.000072 seconds.
  path: Assets/Sprites/cat_172x186/cat 172x186/base/cat_climb_2.png
  artifactKey: Guid(0d925b6d7e2d8be4f8386ad0a0eba3c2) Importer(815301076,1909f56bfc062723c751e8b465ee728b)
Start importing Assets/Sprites/cat_172x186/cat 172x186/base/cat_climb_2.png using Guid(0d925b6d7e2d8be4f8386ad0a0eba3c2) Importer(815301076,1909f56bfc062723c751e8b465ee728b)  -> (artifact id: 'c5e6d5a76ebb14242c26f229ae1cda2e') in 0.111129 seconds 
========================================================================
Received Import Request.
  Time since last request: 5.150141 seconds.
  path: Assets/Sprites/cat_172x186/cat 172x186/base/cat_jump.png
  artifactKey: Guid(d3b9ce4df4474fb49b1f3c43dbf453b5) Importer(815301076,1909f56bfc062723c751e8b465ee728b)
Start importing Assets/Sprites/cat_172x186/cat 172x186/base/cat_jump.png using Guid(d3b9ce4df4474fb49b1f3c43dbf453b5) Importer(815301076,1909f56bfc062723c751e8b465ee728b)  -> (artifact id: 'd6e5c9d522fb72940c11a2335ae46c58') in 0.140980 seconds 
========================================================================
Received Import Request.
  Time since last request: 232.743518 seconds.
  path: Assets/Animation/Cat/Cat.controller
  artifactKey: Guid(1baf525cfee8a194fa6709961e80c851) Importer(815301076,1909f56bfc062723c751e8b465ee728b)
Start importing Assets/Animation/Cat/Cat.controller using Guid(1baf525cfee8a194fa6709961e80c851) Importer(815301076,1909f56bfc062723c751e8b465ee728b)  -> (artifact id: '6453be53a9c61c74b240bb64341fcf27') in 1.032860 seconds 
========================================================================
Received Prepare
Registering precompiled user dll's ...
Registered in 0.053796 seconds.
Begin MonoManager ReloadAssembly
Symbol file LoadedFromMemory doesn't match image C:\Users\admin\Desktop\Новая папка\LittleKitten\Library\PackageCache\com.unity.visualscripting@1.7.8\Editor\VisualScripting.Core\Dependencies\YamlDotNet\Unity.VisualScripting.YamlDotNet.dll
Symbol file LoadedFromMemory doesn't match image C:\Users\admin\Desktop\Новая папка\LittleKitten\Library\PackageCache\com.unity.visualscripting@1.7.8\Editor\VisualScripting.Core\Dependencies\DotNetZip\Unity.VisualScripting.IonicZip.dll
Native extension for WindowsStandalone target not found
Native extension for Android target not found
Refreshing native plugins compatible for Editor in 11.98 ms, found 4 plugins.
Preloading 0 native plugins for Editor in 0.00 ms.
Mono: successfully reloaded assembly
- Completed reload, in 65.346 seconds
Domain Reload Profiling:
	ReloadAssembly (65433ms)
		BeginReloadAssembly (34174ms)
			ExecutionOrderSort (18ms)
			DisableScriptedObjects (2415ms)
			BackupInstance (0ms)
			ReleaseScriptingObjects (0ms)
			CreateAndSetChildDomain (15820ms)
		EndReloadAssembly (29312ms)
			LoadAssemblies (29126ms)
			RebuildTransferFunctionScriptingTraits (30ms)
			SetupTypeCache (4805ms)
			ReleaseScriptCaches (8ms)
			RebuildScriptCaches (324ms)
			SetupLoadedEditorAssemblies (5858ms)
				LogAssemblyErrors (0ms)
				InitializePlatformSupportModulesInManaged (206ms)
				SetLoadedEditorAssemblies (4ms)
				RefreshPlugins (12ms)
				BeforeProcessingInitializeOnLoad (478ms)
				ProcessInitializeOnLoadAttributes (1601ms)
				ProcessInitializeOnLoadMethodAttributes (3541ms)
				AfterProcessingInitializeOnLoad (16ms)
				EditorAssembliesLoaded (1ms)
			ExecutionOrderSort2 (0ms)
			AwakeInstancesAfterBackupRestoration (60ms)
Platform modules already initialized, skipping
Refreshing native plugins compatible for Editor in 843.84 ms, found 4 plugins.
Preloading 0 native plugins for Editor in 0.00 ms.
Unloading 4222 Unused Serialized files (Serialized files now loaded: 0)
Unloading 27 unused Assets / (95.3 KB). Loaded Objects now: 4717.
Memory consumption went from 161.2 MB to 161.1 MB.
Total: 143.253094 ms (FindLiveObjects: 1.184268 ms CreateObjectMapping: 0.396276 ms MarkObjects: 140.511088 ms  DeleteObjects: 1.156899 ms)

AssetImportParameters requested are different than current active one (requested -> active):
  custom:video-decoder-ogg-theora: a1e56fd34408186e4bbccfd4996cb3dc -> 
  custom:container-muxer-webm: aa71ff27fc2769a1b78a27578f13a17b -> 
  custom:container-demuxer-webm: 4f35f7cbe854078d1ac9338744f61a02 -> 
  custom:video-encoder-webm-vp8: eb34c28f22e8b96e1ab97ce403110664 -> 
  custom:audio-encoder-webm-vorbis: bf7c407c2cedff20999df2af8eb42d56 -> 
  custom:framework-win-MediaFoundation: 216162199b28c13a410421893ffa2e32 -> 
  custom:container-demuxer-ogg: 62fdf1f143b41e24485cea50d1cbac27 -> 
  custom:video-decoder-webm-vp8: 9c59270c3fd7afecdb556c50c9e8de78 -> 
  custom:audio-decoder-ogg-vorbis: bf7c407c2cedff20999df2af8eb42d56 -> 
========================================================================
Received Prepare
Registering precompiled user dll's ...
Registered in 0.033026 seconds.
Begin MonoManager ReloadAssembly
